[0.008s] Invoking command in '/home/robotics23/dev_ws/src/thymio_discover_USI/build/yolobot_recognition': CMAKE_PREFIX_PATH=/opt/ros/humble /usr/bin/cmake --build /home/robotics23/dev_ws/src/thymio_discover_USI/build/yolobot_recognition -- -j6 -l6
[0.050s] Invoked command in '/home/robotics23/dev_ws/src/thymio_discover_USI/build/yolobot_recognition' returned '0': CMAKE_PREFIX_PATH=/opt/ros/humble /usr/bin/cmake --build /home/robotics23/dev_ws/src/thymio_discover_USI/build/yolobot_recognition -- -j6 -l6
[0.076s] Invoking command in '/home/robotics23/dev_ws/src/thymio_discover_USI/build/yolobot_recognition': CMAKE_PREFIX_PATH=/opt/ros/humble /usr/bin/cmake --install /home/robotics23/dev_ws/src/thymio_discover_USI/build/yolobot_recognition
[0.084s] -- Install configuration: ""
[0.085s] -- Up-to-date: /home/robotics23/dev_ws/src/thymio_discover_USI/install/yolobot_recognition/share/ament_index/resource_index/package_run_dependencies/yolobot_recognition
[0.085s] -- Up-to-date: /home/robotics23/dev_ws/src/thymio_discover_USI/install/yolobot_recognition/share/ament_index/resource_index/parent_prefix_path/yolobot_recognition
[0.085s] -- Up-to-date: /home/robotics23/dev_ws/src/thymio_discover_USI/install/yolobot_recognition/share/yolobot_recognition/environment/ament_prefix_path.sh
[0.085s] -- Up-to-date: /home/robotics23/dev_ws/src/thymio_discover_USI/install/yolobot_recognition/share/yolobot_recognition/environment/ament_prefix_path.dsv
[0.085s] -- Up-to-date: /home/robotics23/dev_ws/src/thymio_discover_USI/install/yolobot_recognition/share/yolobot_recognition/environment/path.sh
[0.085s] -- Up-to-date: /home/robotics23/dev_ws/src/thymio_discover_USI/install/yolobot_recognition/share/yolobot_recognition/environment/path.dsv
[0.085s] -- Up-to-date: /home/robotics23/dev_ws/src/thymio_discover_USI/install/yolobot_recognition/share/yolobot_recognition/local_setup.bash
[0.085s] -- Up-to-date: /home/robotics23/dev_ws/src/thymio_discover_USI/install/yolobot_recognition/share/yolobot_recognition/local_setup.sh
[0.085s] -- Up-to-date: /home/robotics23/dev_ws/src/thymio_discover_USI/install/yolobot_recognition/share/yolobot_recognition/local_setup.zsh
[0.085s] -- Up-to-date: /home/robotics23/dev_ws/src/thymio_discover_USI/install/yolobot_recognition/share/yolobot_recognition/local_setup.dsv
[0.086s] -- Installing: /home/robotics23/dev_ws/src/thymio_discover_USI/install/yolobot_recognition/share/yolobot_recognition/package.dsv
[0.086s] -- Up-to-date: /home/robotics23/dev_ws/src/thymio_discover_USI/install/yolobot_recognition/share/ament_index/resource_index/packages/yolobot_recognition
[0.086s] -- Up-to-date: /home/robotics23/dev_ws/src/thymio_discover_USI/install/yolobot_recognition/share/yolobot_recognition/cmake/yolobot_recognitionConfig.cmake
[0.086s] -- Up-to-date: /home/robotics23/dev_ws/src/thymio_discover_USI/install/yolobot_recognition/share/yolobot_recognition/cmake/yolobot_recognitionConfig-version.cmake
[0.086s] -- Up-to-date: /home/robotics23/dev_ws/src/thymio_discover_USI/install/yolobot_recognition/share/yolobot_recognition/package.xml
[0.088s] Invoked command in '/home/robotics23/dev_ws/src/thymio_discover_USI/build/yolobot_recognition' returned '0': CMAKE_PREFIX_PATH=/opt/ros/humble /usr/bin/cmake --install /home/robotics23/dev_ws/src/thymio_discover_USI/build/yolobot_recognition
