[0.010s] Invoking command in '/home/robotics23/dev_ws/src/thymio_discover_USI/build/yolobot_recognition': CMAKE_PREFIX_PATH=${CMAKE_PREFIX_PATH}:/home/robotics23/dev_ws/install/usi_angry_turtle:/home/robotics23/dev_ws/install/thymiroomba:/home/robotics23/dev_ws/install/thymio_example:/home/robotics23/dev_ws/install/rumba:/home/robotics23/dev_ws/install/maze:/home/robotics23/dev_ws/install/thymioid:/home/robotics23/dev_ws/install/thymio_driver:/home/robotics23/dev_ws/install/ros_helloworld:/home/robotics23/dev_ws/install/robomaster_ros:/home/robotics23/dev_ws/install/ninja_turtle:/home/robotics23/dev_ws/install/my_package:/home/robotics23/dev_ws/install/maze_solver:/home/robotics23/dev_ws/install/Thymio_waste:/opt/ros/humble /usr/bin/cmake --build /home/robotics23/dev_ws/src/thymio_discover_USI/build/yolobot_recognition -- -j6 -l6
[0.055s] Invoked command in '/home/robotics23/dev_ws/src/thymio_discover_USI/build/yolobot_recognition' returned '0': CMAKE_PREFIX_PATH=${CMAKE_PREFIX_PATH}:/home/robotics23/dev_ws/install/usi_angry_turtle:/home/robotics23/dev_ws/install/thymiroomba:/home/robotics23/dev_ws/install/thymio_example:/home/robotics23/dev_ws/install/rumba:/home/robotics23/dev_ws/install/maze:/home/robotics23/dev_ws/install/thymioid:/home/robotics23/dev_ws/install/thymio_driver:/home/robotics23/dev_ws/install/ros_helloworld:/home/robotics23/dev_ws/install/robomaster_ros:/home/robotics23/dev_ws/install/ninja_turtle:/home/robotics23/dev_ws/install/my_package:/home/robotics23/dev_ws/install/maze_solver:/home/robotics23/dev_ws/install/Thymio_waste:/opt/ros/humble /usr/bin/cmake --build /home/robotics23/dev_ws/src/thymio_discover_USI/build/yolobot_recognition -- -j6 -l6
[0.087s] Invoking command in '/home/robotics23/dev_ws/src/thymio_discover_USI/build/yolobot_recognition': CMAKE_PREFIX_PATH=${CMAKE_PREFIX_PATH}:/home/robotics23/dev_ws/install/usi_angry_turtle:/home/robotics23/dev_ws/install/thymiroomba:/home/robotics23/dev_ws/install/thymio_example:/home/robotics23/dev_ws/install/rumba:/home/robotics23/dev_ws/install/maze:/home/robotics23/dev_ws/install/thymioid:/home/robotics23/dev_ws/install/thymio_driver:/home/robotics23/dev_ws/install/ros_helloworld:/home/robotics23/dev_ws/install/robomaster_ros:/home/robotics23/dev_ws/install/ninja_turtle:/home/robotics23/dev_ws/install/my_package:/home/robotics23/dev_ws/install/maze_solver:/home/robotics23/dev_ws/install/Thymio_waste:/opt/ros/humble /usr/bin/cmake --install /home/robotics23/dev_ws/src/thymio_discover_USI/build/yolobot_recognition
[0.094s] -- Install configuration: ""
[0.094s] -- Up-to-date: /home/robotics23/dev_ws/src/thymio_discover_USI/install/yolobot_recognition/share/ament_index/resource_index/package_run_dependencies/yolobot_recognition
[0.095s] -- Up-to-date: /home/robotics23/dev_ws/src/thymio_discover_USI/install/yolobot_recognition/share/ament_index/resource_index/parent_prefix_path/yolobot_recognition
[0.095s] -- Up-to-date: /home/robotics23/dev_ws/src/thymio_discover_USI/install/yolobot_recognition/share/yolobot_recognition/environment/ament_prefix_path.sh
[0.095s] -- Up-to-date: /home/robotics23/dev_ws/src/thymio_discover_USI/install/yolobot_recognition/share/yolobot_recognition/environment/ament_prefix_path.dsv
[0.095s] -- Up-to-date: /home/robotics23/dev_ws/src/thymio_discover_USI/install/yolobot_recognition/share/yolobot_recognition/environment/path.sh
[0.095s] -- Up-to-date: /home/robotics23/dev_ws/src/thymio_discover_USI/install/yolobot_recognition/share/yolobot_recognition/environment/path.dsv
[0.095s] -- Up-to-date: /home/robotics23/dev_ws/src/thymio_discover_USI/install/yolobot_recognition/share/yolobot_recognition/local_setup.bash
[0.095s] -- Up-to-date: /home/robotics23/dev_ws/src/thymio_discover_USI/install/yolobot_recognition/share/yolobot_recognition/local_setup.sh
[0.095s] -- Up-to-date: /home/robotics23/dev_ws/src/thymio_discover_USI/install/yolobot_recognition/share/yolobot_recognition/local_setup.zsh
[0.095s] -- Up-to-date: /home/robotics23/dev_ws/src/thymio_discover_USI/install/yolobot_recognition/share/yolobot_recognition/local_setup.dsv
[0.095s] -- Installing: /home/robotics23/dev_ws/src/thymio_discover_USI/install/yolobot_recognition/share/yolobot_recognition/package.dsv
[0.095s] -- Up-to-date: /home/robotics23/dev_ws/src/thymio_discover_USI/install/yolobot_recognition/share/ament_index/resource_index/packages/yolobot_recognition
[0.095s] -- Up-to-date: /home/robotics23/dev_ws/src/thymio_discover_USI/install/yolobot_recognition/share/yolobot_recognition/cmake/yolobot_recognitionConfig.cmake
[0.095s] -- Up-to-date: /home/robotics23/dev_ws/src/thymio_discover_USI/install/yolobot_recognition/share/yolobot_recognition/cmake/yolobot_recognitionConfig-version.cmake
[0.095s] -- Up-to-date: /home/robotics23/dev_ws/src/thymio_discover_USI/install/yolobot_recognition/share/yolobot_recognition/package.xml
[0.098s] Invoked command in '/home/robotics23/dev_ws/src/thymio_discover_USI/build/yolobot_recognition' returned '0': CMAKE_PREFIX_PATH=${CMAKE_PREFIX_PATH}:/home/robotics23/dev_ws/install/usi_angry_turtle:/home/robotics23/dev_ws/install/thymiroomba:/home/robotics23/dev_ws/install/thymio_example:/home/robotics23/dev_ws/install/rumba:/home/robotics23/dev_ws/install/maze:/home/robotics23/dev_ws/install/thymioid:/home/robotics23/dev_ws/install/thymio_driver:/home/robotics23/dev_ws/install/ros_helloworld:/home/robotics23/dev_ws/install/robomaster_ros:/home/robotics23/dev_ws/install/ninja_turtle:/home/robotics23/dev_ws/install/my_package:/home/robotics23/dev_ws/install/maze_solver:/home/robotics23/dev_ws/install/Thymio_waste:/opt/ros/humble /usr/bin/cmake --install /home/robotics23/dev_ws/src/thymio_discover_USI/build/yolobot_recognition
