[0.009s] Invoking command in '/home/robotics23/dev_ws/src/thymio_discover_USI/build/yolobot_recognition': CMAKE_PREFIX_PATH=${CMAKE_PREFIX_PATH}:/home/robotics23/dev_ws/install/usi_angry_turtle:/home/robotics23/dev_ws/install/thymiroomba:/home/robotics23/dev_ws/install/thymio_example:/home/robotics23/dev_ws/install/rumba:/home/robotics23/dev_ws/install/maze:/home/robotics23/dev_ws/install/thymioid:/home/robotics23/dev_ws/install/thymio_driver:/home/robotics23/dev_ws/install/ros_helloworld:/home/robotics23/dev_ws/install/robomaster_ros:/home/robotics23/dev_ws/install/ninja_turtle:/home/robotics23/dev_ws/install/my_package:/home/robotics23/dev_ws/install/maze_solver:/home/robotics23/dev_ws/install/Thymio_waste:/opt/ros/humble /usr/bin/cmake /home/robotics23/dev_ws/src/thymio_discover_USI -DCMAKE_INSTALL_PREFIX=/home/robotics23/dev_ws/src/thymio_discover_USI/install/yolobot_recognition
[0.077s] -- The C compiler identification is GNU 11.3.0
[0.127s] -- The CXX compiler identification is GNU 11.3.0
[0.134s] -- Detecting C compiler ABI info
[0.196s] -- Detecting C compiler ABI info - done
[0.202s] -- Check for working C compiler: /usr/bin/cc - skipped
[0.202s] -- Detecting C compile features
[0.202s] -- Detecting C compile features - done
[0.205s] -- Detecting CXX compiler ABI info
[0.274s] -- Detecting CXX compiler ABI info - done
[0.279s] -- Check for working CXX compiler: /usr/bin/c++ - skipped
[0.280s] -- Detecting CXX compile features
[0.280s] -- Detecting CXX compile features - done
[0.288s] -- Found ament_cmake: 1.3.3 (/opt/ros/humble/share/ament_cmake/cmake)
[0.431s] -- Found Python3: /usr/bin/python3.10 (found version "3.10.6") found components: Interpreter 
[0.520s] -- Found ament_lint_auto: 0.12.5 (/opt/ros/humble/share/ament_lint_auto/cmake)
[0.597s] -- Added test 'copyright' to check source files copyright and LICENSE
[0.604s] -- Added test 'cppcheck' to perform static code analysis on C / C++ code
[0.604s] -- Configured cppcheck include dirs: 
[0.604s] -- Configured cppcheck exclude dirs and/or files: 
[0.610s] -- Added test 'cpplint' to check C / C++ code against the Google style
[0.610s] -- Configured cpplint exclude dirs and/or files: 
[0.612s] -- Added test 'flake8' to check Python code syntax and style conventions
[0.614s] -- Added test 'lint_cmake' to check CMake code style
[0.616s] -- Added test 'pep257' to check Python code against some of the docstring style conventions in PEP 257
[0.622s] -- Added test 'uncrustify' to check C / C++ code style
[0.622s] -- Configured uncrustify additional arguments: 
[0.624s] -- Added test 'xmllint' to check XML markup files
[0.626s] -- Configuring done
[0.628s] -- Generating done
[0.629s] -- Build files have been written to: /home/robotics23/dev_ws/src/thymio_discover_USI/build/yolobot_recognition
[0.633s] Invoked command in '/home/robotics23/dev_ws/src/thymio_discover_USI/build/yolobot_recognition' returned '0': CMAKE_PREFIX_PATH=${CMAKE_PREFIX_PATH}:/home/robotics23/dev_ws/install/usi_angry_turtle:/home/robotics23/dev_ws/install/thymiroomba:/home/robotics23/dev_ws/install/thymio_example:/home/robotics23/dev_ws/install/rumba:/home/robotics23/dev_ws/install/maze:/home/robotics23/dev_ws/install/thymioid:/home/robotics23/dev_ws/install/thymio_driver:/home/robotics23/dev_ws/install/ros_helloworld:/home/robotics23/dev_ws/install/robomaster_ros:/home/robotics23/dev_ws/install/ninja_turtle:/home/robotics23/dev_ws/install/my_package:/home/robotics23/dev_ws/install/maze_solver:/home/robotics23/dev_ws/install/Thymio_waste:/opt/ros/humble /usr/bin/cmake /home/robotics23/dev_ws/src/thymio_discover_USI -DCMAKE_INSTALL_PREFIX=/home/robotics23/dev_ws/src/thymio_discover_USI/install/yolobot_recognition
[0.635s] Invoking command in '/home/robotics23/dev_ws/src/thymio_discover_USI/build/yolobot_recognition': CMAKE_PREFIX_PATH=${CMAKE_PREFIX_PATH}:/home/robotics23/dev_ws/install/usi_angry_turtle:/home/robotics23/dev_ws/install/thymiroomba:/home/robotics23/dev_ws/install/thymio_example:/home/robotics23/dev_ws/install/rumba:/home/robotics23/dev_ws/install/maze:/home/robotics23/dev_ws/install/thymioid:/home/robotics23/dev_ws/install/thymio_driver:/home/robotics23/dev_ws/install/ros_helloworld:/home/robotics23/dev_ws/install/robomaster_ros:/home/robotics23/dev_ws/install/ninja_turtle:/home/robotics23/dev_ws/install/my_package:/home/robotics23/dev_ws/install/maze_solver:/home/robotics23/dev_ws/install/Thymio_waste:/opt/ros/humble /usr/bin/cmake --build /home/robotics23/dev_ws/src/thymio_discover_USI/build/yolobot_recognition -- -j6 -l6
[0.674s] Invoked command in '/home/robotics23/dev_ws/src/thymio_discover_USI/build/yolobot_recognition' returned '0': CMAKE_PREFIX_PATH=${CMAKE_PREFIX_PATH}:/home/robotics23/dev_ws/install/usi_angry_turtle:/home/robotics23/dev_ws/install/thymiroomba:/home/robotics23/dev_ws/install/thymio_example:/home/robotics23/dev_ws/install/rumba:/home/robotics23/dev_ws/install/maze:/home/robotics23/dev_ws/install/thymioid:/home/robotics23/dev_ws/install/thymio_driver:/home/robotics23/dev_ws/install/ros_helloworld:/home/robotics23/dev_ws/install/robomaster_ros:/home/robotics23/dev_ws/install/ninja_turtle:/home/robotics23/dev_ws/install/my_package:/home/robotics23/dev_ws/install/maze_solver:/home/robotics23/dev_ws/install/Thymio_waste:/opt/ros/humble /usr/bin/cmake --build /home/robotics23/dev_ws/src/thymio_discover_USI/build/yolobot_recognition -- -j6 -l6
[0.702s] Invoking command in '/home/robotics23/dev_ws/src/thymio_discover_USI/build/yolobot_recognition': CMAKE_PREFIX_PATH=${CMAKE_PREFIX_PATH}:/home/robotics23/dev_ws/install/usi_angry_turtle:/home/robotics23/dev_ws/install/thymiroomba:/home/robotics23/dev_ws/install/thymio_example:/home/robotics23/dev_ws/install/rumba:/home/robotics23/dev_ws/install/maze:/home/robotics23/dev_ws/install/thymioid:/home/robotics23/dev_ws/install/thymio_driver:/home/robotics23/dev_ws/install/ros_helloworld:/home/robotics23/dev_ws/install/robomaster_ros:/home/robotics23/dev_ws/install/ninja_turtle:/home/robotics23/dev_ws/install/my_package:/home/robotics23/dev_ws/install/maze_solver:/home/robotics23/dev_ws/install/Thymio_waste:/opt/ros/humble /usr/bin/cmake --install /home/robotics23/dev_ws/src/thymio_discover_USI/build/yolobot_recognition
[0.708s] -- Install configuration: ""
[0.708s] -- Installing: /home/robotics23/dev_ws/src/thymio_discover_USI/install/yolobot_recognition/share/ament_index/resource_index/package_run_dependencies/yolobot_recognition
[0.708s] -- Installing: /home/robotics23/dev_ws/src/thymio_discover_USI/install/yolobot_recognition/share/ament_index/resource_index/parent_prefix_path/yolobot_recognition
[0.708s] -- Installing: /home/robotics23/dev_ws/src/thymio_discover_USI/install/yolobot_recognition/share/yolobot_recognition/environment/ament_prefix_path.sh
[0.708s] -- Installing: /home/robotics23/dev_ws/src/thymio_discover_USI/install/yolobot_recognition/share/yolobot_recognition/environment/ament_prefix_path.dsv
[0.709s] -- Installing: /home/robotics23/dev_ws/src/thymio_discover_USI/install/yolobot_recognition/share/yolobot_recognition/environment/path.sh
[0.709s] -- Installing: /home/robotics23/dev_ws/src/thymio_discover_USI/install/yolobot_recognition/share/yolobot_recognition/environment/path.dsv
[0.709s] -- Installing: /home/robotics23/dev_ws/src/thymio_discover_USI/install/yolobot_recognition/share/yolobot_recognition/local_setup.bash
[0.709s] -- Installing: /home/robotics23/dev_ws/src/thymio_discover_USI/install/yolobot_recognition/share/yolobot_recognition/local_setup.sh
[0.709s] -- Installing: /home/robotics23/dev_ws/src/thymio_discover_USI/install/yolobot_recognition/share/yolobot_recognition/local_setup.zsh
[0.709s] -- Installing: /home/robotics23/dev_ws/src/thymio_discover_USI/install/yolobot_recognition/share/yolobot_recognition/local_setup.dsv
[0.709s] -- Installing: /home/robotics23/dev_ws/src/thymio_discover_USI/install/yolobot_recognition/share/yolobot_recognition/package.dsv
[0.709s] -- Installing: /home/robotics23/dev_ws/src/thymio_discover_USI/install/yolobot_recognition/share/ament_index/resource_index/packages/yolobot_recognition
[0.709s] -- Installing: /home/robotics23/dev_ws/src/thymio_discover_USI/install/yolobot_recognition/share/yolobot_recognition/cmake/yolobot_recognitionConfig.cmake
[0.709s] -- Installing: /home/robotics23/dev_ws/src/thymio_discover_USI/install/yolobot_recognition/share/yolobot_recognition/cmake/yolobot_recognitionConfig-version.cmake
[0.709s] -- Installing: /home/robotics23/dev_ws/src/thymio_discover_USI/install/yolobot_recognition/share/yolobot_recognition/package.xml
[0.711s] Invoked command in '/home/robotics23/dev_ws/src/thymio_discover_USI/build/yolobot_recognition' returned '0': CMAKE_PREFIX_PATH=${CMAKE_PREFIX_PATH}:/home/robotics23/dev_ws/install/usi_angry_turtle:/home/robotics23/dev_ws/install/thymiroomba:/home/robotics23/dev_ws/install/thymio_example:/home/robotics23/dev_ws/install/rumba:/home/robotics23/dev_ws/install/maze:/home/robotics23/dev_ws/install/thymioid:/home/robotics23/dev_ws/install/thymio_driver:/home/robotics23/dev_ws/install/ros_helloworld:/home/robotics23/dev_ws/install/robomaster_ros:/home/robotics23/dev_ws/install/ninja_turtle:/home/robotics23/dev_ws/install/my_package:/home/robotics23/dev_ws/install/maze_solver:/home/robotics23/dev_ws/install/Thymio_waste:/opt/ros/humble /usr/bin/cmake --install /home/robotics23/dev_ws/src/thymio_discover_USI/build/yolobot_recognition
